<?xml version="1.0" encoding="UTF-8"?>
<!-- Generated by org.testng.reporters.JUnitReportReporter -->
<testsuite name="core.EclEmmaTest" tests="4" time="0.089" ignored="0" failures="0" timestamp="10 Mar 2017 02:02:49 GMT" skipped="0" hostname="DmitryFRAMEWORK" errors="0">
  <testcase name="test_02" time="0.004" classname="core.EclEmmaTest"/>
  <testcase name="test_03" time="0.015" classname="core.EclEmmaTest"/>
  <testcase name="test_01" time="0.056" classname="core.EclEmmaTest"/>
  <testcase name="test_04" time="0.014" classname="core.EclEmmaTest"/>
</testsuite> <!-- core.EclEmmaTest -->
